/*C2*/SET SCHEMA PUBLIC
CONNECT USER SA
/*C3*/SET SCHEMA PUBLIC
CONNECT USER SA
/*C4*/SET SCHEMA PUBLIC
CONNECT USER SA
create table trader (id int  generated by default as identity primary key, name varchar)\u000d\u000a
DISCONNECT
/*C5*/SET SCHEMA PUBLIC
CONNECT USER SA
alter table trade add column trader_id int\u000d\u000a
DISCONNECT
/*C2*/SET AUTOCOMMIT FALSE
INSERT INTO TRADER VALUES(0,'tinus')
COMMIT
SET AUTOCOMMIT TRUE
/*C6*/SET SCHEMA PUBLIC
CONNECT USER SA
SET AUTOCOMMIT FALSE
DELETE FROM TRADE WHERE ID=25
DELETE FROM TRADE WHERE ID=24
DELETE FROM TRADE WHERE ID=23
DELETE FROM TRADE WHERE ID=22
DELETE FROM TRADE WHERE ID=19
DELETE FROM TRADE WHERE ID=18
DELETE FROM TRADE WHERE ID=17
DELETE FROM TRADE WHERE ID=15
DELETE FROM TRADE WHERE ID=7
DELETE FROM TRADE WHERE ID=6
DELETE FROM TRADE WHERE ID=5
DELETE FROM TRADE WHERE ID=4
DELETE FROM TRADE WHERE ID=3
DELETE FROM TRADE WHERE ID=2
DELETE FROM TRADE WHERE ID=1
INSERT INTO TRADE VALUES('2008-05-20 00:00:00.000000000',104.03E0,'2008-05-20 00:00:00.000000000',103.9E0,104.25E0,103.0E0,2,'USDJPY',0.0E0,0.0E0,0.0E0,0.0E0,0.0E0,'1366062',0.0E0,0,1,0)
INSERT INTO TRADE VALUES('2008-05-21 00:00:00.000000000',0.9638E0,'2008-05-22 00:00:00.000000000',0.9628E0,0.966E0,0.954E0,4,'AUDUSD',0.0E0,0.0E0,0.0E0,0.0E0,0.0E0,'1390335',0.0E0,0,2,0)
INSERT INTO TRADE VALUES('2008-05-22 00:00:00.000000000',1.5776E0,'2008-05-22 00:00:00.000000000',1.578E0,1.575E0,1.582E0,4,'EURUSD',0.0E0,0.0E0,0.0E0,0.0E0,0.0E0,'1400756',0.1E0,0,3,0)
INSERT INTO TRADE VALUES('2008-05-22 00:00:00.000000000',31535.0E0,'2008-05-22 00:00:00.000000000',31550.0E0,31650.0E0,31400.0E0,5,'ALSI',0.0E0,0.0E0,0.0E0,0.0E0,0.0E0,'',0.0E0,1,4,0)
INSERT INTO TRADE VALUES('2008-05-22 00:00:00.000000000',1.9799E0,'2008-05-23 00:00:00.000000000',1.977E0,1.977E0,0.0E0,4,'GBPUSD',0.0E0,0.0E0,0.0E0,0.0E0,0.0E0,'1412666',0.01E0,0,5,0)
INSERT INTO TRADE VALUES('2008-05-26 00:00:00.000000000',100.69E0,'2008-05-27 00:00:00.000000000',101.25E0,101.25E0,96.75E0,2,'CHFJPY',0.0E0,0.0E0,0.0E0,0.0E0,0.0E0,'1430615',0.0E0,0,6,0)
INSERT INTO TRADE VALUES('2008-05-27 00:00:00.000000000',30545.0E0,'2008-05-27 00:00:00.000000000',30480.0E0,30650.0E0,30250.0E0,6,'ALSI2',NULL,NULL,NULL,NULL,NULL,'',NULL,1,7,0)
INSERT INTO TRADE VALUES('2008-05-28 00:00:00.000000000',104.64E0,'2008-05-30 00:00:00.000000000',105.85E0,104.25E0,105.3E0,2,'USDJPY',NULL,NULL,NULL,NULL,NULL,'1468348',0.07E0,0,15,0)
INSERT INTO TRADE VALUES('2008-05-29 00:00:00.000000000',1.9788E0,'2008-05-29 00:00:00.000000000',1.9755E0,1.9825E0,NULL,4,'GBPUSD',NULL,NULL,NULL,NULL,NULL,'1468289',NULL,0,17,0)
INSERT INTO TRADE VALUES('2008-05-29 00:00:00.000000000',30517.0E0,'2008-05-29 00:00:00.000000000',30500.0E0,30650.0E0,NULL,6,'ALSI',NULL,NULL,NULL,NULL,NULL,'',NULL,1,18,0)
INSERT INTO TRADE VALUES('2008-05-30 00:00:00.000000000',105.34E0,'2008-05-30 00:00:00.000000000',105.4E0,105.1E0,NULL,4,'USDJPY',NULL,NULL,NULL,NULL,NULL,'1491137',NULL,0,19,0)
INSERT INTO TRADE VALUES('2008-05-30 00:00:00.000000000',1.553E0,NULL,NULL,1.547E0,NULL,2,'EURUSD',NULL,NULL,NULL,NULL,NULL,'1491466',NULL,0,22,0)
INSERT INTO TRADE VALUES('2008-06-02 00:00:00.000000000',30295.0E0,'2008-06-02 00:00:00.000000000',29985.0E0,30400.0E0,29700.0E0,5,'ALSI',NULL,NULL,NULL,NULL,NULL,'',NULL,1,23,0)
INSERT INTO TRADE VALUES('2008-06-03 00:00:00.000000000',30051.0E0,NULL,29868.0E0,30150.0E0,29700.0E0,5,'ALSI',NULL,NULL,NULL,NULL,NULL,'',NULL,1,24,0)
INSERT INTO TRADE VALUES('2008-06-04 00:00:00.000000000',29620.0E0,'2008-06-04 00:00:00.000000000',29740.0E0,29710.0E0,29470.0E0,5,'ALSI',NULL,NULL,NULL,NULL,NULL,'',NULL,1,25,0)
SET AUTOCOMMIT TRUE
DISCONNECT
/*C7*/SET SCHEMA PUBLIC
CONNECT USER SA
alter table trade\u000d\u000aalter column trader_id\u000d\u000aset not null
DISCONNECT
/*C8*/SET SCHEMA PUBLIC
CONNECT USER SA
alter table trade add foreign key (trader_id) references trader(id)\u000d\u000a
DISCONNECT
